build/app/intermediates/manifest_merge_blame_file/release/manifest-merger-blame-release-report.txt
1<?xml version="1.0" encoding="utf-8"?>
2<manifest xmlns:android="http://schemas.android.com/apk/res/android"
3    package="com.example.kora_app"
4    android:versionCode="1"
5    android:versionName="1.0.0" >
6
7    <uses-sdk
8        android:minSdkVersion="21"
8-->src\main\AndroidManifest.xml
9        android:targetSdkVersion="33" />
9-->src\main\AndroidManifest.xml
10
11    <uses-permission android:name="android.permission.INTERNET" />
11-->[:firebase_messaging] AndroidManifest.xml:9:5-67
11-->[:firebase_messaging] AndroidManifest.xml:9:22-64
12    <uses-permission android:name="android.permission.WAKE_LOCK" />
12-->[:firebase_messaging] AndroidManifest.xml:10:5-68
12-->[:firebase_messaging] AndroidManifest.xml:10:22-65
13    <uses-permission android:name="android.permission.ACCESS_NETWORK_STATE" /> <!-- Permissions options for the `notification` group -->
13-->[:firebase_messaging] AndroidManifest.xml:11:5-79
13-->[:firebase_messaging] AndroidManifest.xml:11:22-76
14    <uses-permission android:name="android.permission.POST_NOTIFICATIONS" />
14-->[:firebase_messaging] AndroidManifest.xml:13:5-77
14-->[:firebase_messaging] AndroidManifest.xml:13:22-74
15    <uses-permission android:name="android.permission.BROADCAST_CLOSE_SYSTEM_DIALOGS" />
15-->[:awesome_notifications] AndroidManifest.xml:10:5-89
15-->[:awesome_notifications] AndroidManifest.xml:10:22-86
16    <uses-permission android:name="android.permission.RECEIVE_BOOT_COMPLETED" />
16-->[:awesome_notifications] AndroidManifest.xml:11:5-81
16-->[:awesome_notifications] AndroidManifest.xml:11:22-78
17    <uses-permission android:name="android.permission.VIBRATE" />
17-->[:awesome_notifications] AndroidManifest.xml:12:5-66
17-->[:awesome_notifications] AndroidManifest.xml:12:22-63
18    <uses-permission android:name="android.permission.USE_FULL_SCREEN_INTENT" />
18-->[:flutter_local_notifications] AndroidManifest.xml:11:5-81
18-->[:flutter_local_notifications] AndroidManifest.xml:11:22-78
19    <uses-permission android:name="android.permission.SCHEDULE_EXACT_ALARM" />
19-->[:flutter_local_notifications] AndroidManifest.xml:12:5-79
19-->[:flutter_local_notifications] AndroidManifest.xml:12:22-76
20    <uses-permission
20-->[me.carda:AndroidAwnCore:0.7.6] AndroidManifest.xml:10:5-12:38
21        android:name="android.permission.BIND_NOTIFICATION_LISTENER_SERVICE"
21-->[me.carda:AndroidAwnCore:0.7.6] AndroidManifest.xml:11:9-77
22        android:maxSdkVersion="22" /> <!-- Required by older versions of Google Play services to create IID tokens -->
22-->[me.carda:AndroidAwnCore:0.7.6] AndroidManifest.xml:12:9-35
23    <uses-permission android:name="com.google.android.c2dm.permission.RECEIVE" />
23-->[com.google.firebase:firebase-iid:21.1.0] AndroidManifest.xml:26:5-82
23-->[com.google.firebase:firebase-iid:21.1.0] AndroidManifest.xml:26:22-79
24
25    <permission
25-->[androidx.core:core:1.10.1] AndroidManifest.xml:22:5-24:47
26        android:name="com.example.kora_app.DYNAMIC_RECEIVER_NOT_EXPORTED_PERMISSION"
26-->[androidx.core:core:1.10.1] AndroidManifest.xml:23:9-81
27        android:protectionLevel="signature" />
27-->[androidx.core:core:1.10.1] AndroidManifest.xml:24:9-44
28
29    <uses-permission android:name="com.example.kora_app.DYNAMIC_RECEIVER_NOT_EXPORTED_PERMISSION" /> <!-- for android -->
29-->[androidx.core:core:1.10.1] AndroidManifest.xml:26:5-97
29-->[androidx.core:core:1.10.1] AndroidManifest.xml:26:22-94
30    <!-- <uses-permission android:name="com.android.launcher.permission.READ_SETTINGS"/> -->
31    <!-- <uses-permission android:name="com.android.launcher.permission.WRITE_SETTINGS"/> -->
32    <!-- <uses-permission android:name="com.android.launcher.permission.INSTALL_SHORTCUT" /> -->
33    <!-- <uses-permission android:name="com.android.launcher.permission.UNINSTALL_SHORTCUT" /> -->
34    <!-- for Samsung -->
35    <uses-permission android:name="com.sec.android.provider.badge.permission.READ" />
35-->[me.leolin:ShortcutBadger:1.1.22] AndroidManifest.xml:19:5-86
35-->[me.leolin:ShortcutBadger:1.1.22] AndroidManifest.xml:19:22-83
36    <uses-permission android:name="com.sec.android.provider.badge.permission.WRITE" /> <!-- for htc -->
36-->[me.leolin:ShortcutBadger:1.1.22] AndroidManifest.xml:20:5-87
36-->[me.leolin:ShortcutBadger:1.1.22] AndroidManifest.xml:20:22-84
37    <uses-permission android:name="com.htc.launcher.permission.READ_SETTINGS" />
37-->[me.leolin:ShortcutBadger:1.1.22] AndroidManifest.xml:23:5-81
37-->[me.leolin:ShortcutBadger:1.1.22] AndroidManifest.xml:23:22-78
38    <uses-permission android:name="com.htc.launcher.permission.UPDATE_SHORTCUT" /> <!-- for sony -->
38-->[me.leolin:ShortcutBadger:1.1.22] AndroidManifest.xml:24:5-83
38-->[me.leolin:ShortcutBadger:1.1.22] AndroidManifest.xml:24:22-80
39    <uses-permission android:name="com.sonyericsson.home.permission.BROADCAST_BADGE" />
39-->[me.leolin:ShortcutBadger:1.1.22] AndroidManifest.xml:27:5-88
39-->[me.leolin:ShortcutBadger:1.1.22] AndroidManifest.xml:27:22-85
40    <uses-permission android:name="com.sonymobile.home.permission.PROVIDER_INSERT_BADGE" /> <!-- for apex -->
40-->[me.leolin:ShortcutBadger:1.1.22] AndroidManifest.xml:28:5-92
40-->[me.leolin:ShortcutBadger:1.1.22] AndroidManifest.xml:28:22-89
41    <uses-permission android:name="com.anddoes.launcher.permission.UPDATE_COUNT" /> <!-- for solid -->
41-->[me.leolin:ShortcutBadger:1.1.22] AndroidManifest.xml:31:5-84
41-->[me.leolin:ShortcutBadger:1.1.22] AndroidManifest.xml:31:22-81
42    <uses-permission android:name="com.majeur.launcher.permission.UPDATE_BADGE" /> <!-- for huawei -->
42-->[me.leolin:ShortcutBadger:1.1.22] AndroidManifest.xml:34:5-83
42-->[me.leolin:ShortcutBadger:1.1.22] AndroidManifest.xml:34:22-80
43    <uses-permission android:name="com.huawei.android.launcher.permission.CHANGE_BADGE" />
43-->[me.leolin:ShortcutBadger:1.1.22] AndroidManifest.xml:37:5-91
43-->[me.leolin:ShortcutBadger:1.1.22] AndroidManifest.xml:37:22-88
44    <uses-permission android:name="com.huawei.android.launcher.permission.READ_SETTINGS" />
44-->[me.leolin:ShortcutBadger:1.1.22] AndroidManifest.xml:38:5-92
44-->[me.leolin:ShortcutBadger:1.1.22] AndroidManifest.xml:38:22-89
45    <uses-permission android:name="com.huawei.android.launcher.permission.WRITE_SETTINGS" /> <!-- for ZUK -->
45-->[me.leolin:ShortcutBadger:1.1.22] AndroidManifest.xml:39:5-93
45-->[me.leolin:ShortcutBadger:1.1.22] AndroidManifest.xml:39:22-90
46    <uses-permission android:name="android.permission.READ_APP_BADGE" /> <!-- for OPPO -->
46-->[me.leolin:ShortcutBadger:1.1.22] AndroidManifest.xml:42:5-73
46-->[me.leolin:ShortcutBadger:1.1.22] AndroidManifest.xml:42:22-70
47    <uses-permission android:name="com.oppo.launcher.permission.READ_SETTINGS" />
47-->[me.leolin:ShortcutBadger:1.1.22] AndroidManifest.xml:45:5-82
47-->[me.leolin:ShortcutBadger:1.1.22] AndroidManifest.xml:45:22-79
48    <uses-permission android:name="com.oppo.launcher.permission.WRITE_SETTINGS" /> <!-- for EvMe -->
48-->[me.leolin:ShortcutBadger:1.1.22] AndroidManifest.xml:46:5-83
48-->[me.leolin:ShortcutBadger:1.1.22] AndroidManifest.xml:46:22-80
49    <uses-permission android:name="me.everything.badger.permission.BADGE_COUNT_READ" />
49-->[me.leolin:ShortcutBadger:1.1.22] AndroidManifest.xml:49:5-88
49-->[me.leolin:ShortcutBadger:1.1.22] AndroidManifest.xml:49:22-85
50    <uses-permission android:name="me.everything.badger.permission.BADGE_COUNT_WRITE" />
50-->[me.leolin:ShortcutBadger:1.1.22] AndroidManifest.xml:50:5-89
50-->[me.leolin:ShortcutBadger:1.1.22] AndroidManifest.xml:50:22-86
51
52    <application
53        android:name="android.app.Application"
53-->src\main\AndroidManifest.xml:4:9-42
54        android:appComponentFactory="androidx.core.app.CoreComponentFactory"
54-->[androidx.core:core:1.10.1] AndroidManifest.xml:28:18-86
55        android:icon="@mipmap/ic_launcher"
55-->src\main\AndroidManifest.xml:5:9-43
56        android:label="Kora" >
56-->src\main\AndroidManifest.xml:3:9-29
57        <activity
57-->src\main\AndroidManifest.xml:6:9-26:20
58            android:name="com.example.kora_app.MainActivity"
58-->src\main\AndroidManifest.xml:7:13-41
59            android:configChanges="orientation|keyboardHidden|keyboard|screenSize|smallestScreenSize|locale|layoutDirection|fontScale|screenLayout|density|uiMode"
59-->src\main\AndroidManifest.xml:11:13-163
60            android:exported="true"
60-->src\main\AndroidManifest.xml:8:13-36
61            android:hardwareAccelerated="true"
61-->src\main\AndroidManifest.xml:12:13-47
62            android:launchMode="singleTop"
62-->src\main\AndroidManifest.xml:9:13-43
63            android:theme="@style/LaunchTheme"
63-->src\main\AndroidManifest.xml:10:13-47
64            android:windowSoftInputMode="adjustResize" >
64-->src\main\AndroidManifest.xml:13:13-55
65
66            <!--
67                 Specifies an Android theme to apply to this Activity as soon as
68                 the Android process has started. This theme is visible to the user
69                 while the Flutter UI initializes. After that, this theme continues
70                 to determine the Window background behind the Flutter UI.
71            -->
72            <meta-data
72-->src\main\AndroidManifest.xml:18:13-21:17
73                android:name="io.flutter.embedding.android.NormalTheme"
73-->src\main\AndroidManifest.xml:19:15-70
74                android:resource="@style/NormalTheme" />
74-->src\main\AndroidManifest.xml:20:15-52
75
76            <intent-filter>
76-->src\main\AndroidManifest.xml:22:13-25:29
77                <action android:name="android.intent.action.MAIN" />
77-->src\main\AndroidManifest.xml:23:17-68
77-->src\main\AndroidManifest.xml:23:25-66
78
79                <category android:name="android.intent.category.LAUNCHER" />
79-->src\main\AndroidManifest.xml:24:17-76
79-->src\main\AndroidManifest.xml:24:27-74
80            </intent-filter>
81        </activity>
82        <!--
83             Don't delete the meta-data below.
84             This is used by the Flutter tool to generate GeneratedPluginRegistrant.java
85        -->
86        <meta-data
86-->src\main\AndroidManifest.xml:29:9-31:33
87            android:name="flutterEmbedding"
87-->src\main\AndroidManifest.xml:30:13-44
88            android:value="2" />
88-->src\main\AndroidManifest.xml:31:13-30
89
90        <service
90-->[:firebase_auth] AndroidManifest.xml:10:9-14:19
91            android:name="com.google.firebase.components.ComponentDiscoveryService"
91-->[:firebase_auth] AndroidManifest.xml:10:18-89
92            android:directBootAware="true"
92-->[com.google.firebase:firebase-common:20.3.3] AndroidManifest.xml:34:13-43
93            android:exported="false" >
93-->[com.google.firebase:firebase-auth:22.1.2] AndroidManifest.xml:68:13-37
94            <meta-data
94-->[:firebase_auth] AndroidManifest.xml:11:13-13:85
95                android:name="com.google.firebase.components:io.flutter.plugins.firebase.auth.FlutterFirebaseAuthRegistrar"
95-->[:firebase_auth] AndroidManifest.xml:12:17-124
96                android:value="com.google.firebase.components.ComponentRegistrar" />
96-->[:firebase_auth] AndroidManifest.xml:13:17-82
97            <meta-data
97-->[:firebase_storage] AndroidManifest.xml:11:13-13:85
98                android:name="com.google.firebase.components:io.flutter.plugins.firebase.storage.FlutterFirebaseAppRegistrar"
98-->[:firebase_storage] AndroidManifest.xml:12:17-126
99                android:value="com.google.firebase.components.ComponentRegistrar" />
99-->[:firebase_storage] AndroidManifest.xml:13:17-82
100            <meta-data
100-->[:cloud_firestore] AndroidManifest.xml:11:13-13:85
101                android:name="com.google.firebase.components:io.flutter.plugins.firebase.firestore.FlutterFirebaseFirestoreRegistrar"
101-->[:cloud_firestore] AndroidManifest.xml:12:17-134
102                android:value="com.google.firebase.components.ComponentRegistrar" />
102-->[:cloud_firestore] AndroidManifest.xml:13:17-82
103            <meta-data
103-->[:firebase_messaging] AndroidManifest.xml:38:13-40:85
104                android:name="com.google.firebase.components:io.flutter.plugins.firebase.messaging.FlutterFirebaseAppRegistrar"
104-->[:firebase_messaging] AndroidManifest.xml:39:17-128
105                android:value="com.google.firebase.components.ComponentRegistrar" />
105-->[:firebase_messaging] AndroidManifest.xml:40:17-82
106            <meta-data
106-->[:firebase_core] AndroidManifest.xml:11:13-13:85
107                android:name="com.google.firebase.components:io.flutter.plugins.firebase.core.FlutterFirebaseCoreRegistrar"
107-->[:firebase_core] AndroidManifest.xml:12:17-124
108                android:value="com.google.firebase.components.ComponentRegistrar" />
108-->[:firebase_core] AndroidManifest.xml:13:17-82
109            <meta-data
109-->[com.google.firebase:firebase-auth:22.1.2] AndroidManifest.xml:69:13-71:85
110                android:name="com.google.firebase.components:com.google.firebase.auth.FirebaseAuthRegistrar"
110-->[com.google.firebase:firebase-auth:22.1.2] AndroidManifest.xml:70:17-109
111                android:value="com.google.firebase.components.ComponentRegistrar" />
111-->[com.google.firebase:firebase-auth:22.1.2] AndroidManifest.xml:71:17-82
112            <meta-data
112-->[com.google.firebase:firebase-iid:21.1.0] AndroidManifest.xml:32:13-34:85
113                android:name="com.google.firebase.components:com.google.firebase.iid.Registrar"
113-->[com.google.firebase:firebase-iid:21.1.0] AndroidManifest.xml:33:17-96
114                android:value="com.google.firebase.components.ComponentRegistrar" />
114-->[com.google.firebase:firebase-iid:21.1.0] AndroidManifest.xml:34:17-82
115            <meta-data
115-->[com.google.firebase:firebase-firestore:24.8.1] AndroidManifest.xml:17:13-19:85
116                android:name="com.google.firebase.components:com.google.firebase.firestore.FirestoreRegistrar"
116-->[com.google.firebase:firebase-firestore:24.8.1] AndroidManifest.xml:18:17-111
117                android:value="com.google.firebase.components.ComponentRegistrar" />
117-->[com.google.firebase:firebase-firestore:24.8.1] AndroidManifest.xml:19:17-82
118            <meta-data
118-->[com.google.firebase:firebase-messaging:23.2.1] AndroidManifest.xml:53:13-55:85
119                android:name="com.google.firebase.components:com.google.firebase.messaging.FirebaseMessagingRegistrar"
119-->[com.google.firebase:firebase-messaging:23.2.1] AndroidManifest.xml:54:17-119
120                android:value="com.google.firebase.components.ComponentRegistrar" />
120-->[com.google.firebase:firebase-messaging:23.2.1] AndroidManifest.xml:55:17-82
121            <meta-data
121-->[com.google.firebase:firebase-storage:20.2.1] AndroidManifest.xml:32:13-34:85
122                android:name="com.google.firebase.components:com.google.firebase.storage.StorageRegistrar"
122-->[com.google.firebase:firebase-storage:20.2.1] AndroidManifest.xml:33:17-107
123                android:value="com.google.firebase.components.ComponentRegistrar" />
123-->[com.google.firebase:firebase-storage:20.2.1] AndroidManifest.xml:34:17-82
124            <meta-data
124-->[com.google.firebase:firebase-installations:17.1.4] AndroidManifest.xml:15:13-17:85
125                android:name="com.google.firebase.components:com.google.firebase.installations.FirebaseInstallationsRegistrar"
125-->[com.google.firebase:firebase-installations:17.1.4] AndroidManifest.xml:16:17-127
126                android:value="com.google.firebase.components.ComponentRegistrar" />
126-->[com.google.firebase:firebase-installations:17.1.4] AndroidManifest.xml:17:17-82
127            <meta-data
127-->[com.google.firebase:firebase-datatransport:18.1.7] AndroidManifest.xml:27:13-29:85
128                android:name="com.google.firebase.components:com.google.firebase.datatransport.TransportRegistrar"
128-->[com.google.firebase:firebase-datatransport:18.1.7] AndroidManifest.xml:28:17-115
129                android:value="com.google.firebase.components.ComponentRegistrar" />
129-->[com.google.firebase:firebase-datatransport:18.1.7] AndroidManifest.xml:29:17-82
130        </service>
131        <service
131-->[:firebase_messaging] AndroidManifest.xml:16:9-19:72
132            android:name="io.flutter.plugins.firebase.messaging.FlutterFirebaseMessagingBackgroundService"
132-->[:firebase_messaging] AndroidManifest.xml:17:13-107
133            android:exported="false"
133-->[:firebase_messaging] AndroidManifest.xml:18:13-37
134            android:permission="android.permission.BIND_JOB_SERVICE" />
134-->[:firebase_messaging] AndroidManifest.xml:19:13-69
135        <service
135-->[:firebase_messaging] AndroidManifest.xml:20:9-26:19
136            android:name="io.flutter.plugins.firebase.messaging.FlutterFirebaseMessagingService"
136-->[:firebase_messaging] AndroidManifest.xml:21:13-97
137            android:exported="false" >
137-->[:firebase_messaging] AndroidManifest.xml:22:13-37
138            <intent-filter>
138-->[:firebase_messaging] AndroidManifest.xml:23:13-25:29
139                <action android:name="com.google.firebase.MESSAGING_EVENT" />
139-->[:firebase_messaging] AndroidManifest.xml:24:17-78
139-->[:firebase_messaging] AndroidManifest.xml:24:25-75
140            </intent-filter>
141        </service>
142
143        <receiver
143-->[:firebase_messaging] AndroidManifest.xml:28:9-35:20
144            android:name="io.flutter.plugins.firebase.messaging.FlutterFirebaseMessagingReceiver"
144-->[:firebase_messaging] AndroidManifest.xml:29:13-98
145            android:exported="true"
145-->[:firebase_messaging] AndroidManifest.xml:30:13-36
146            android:permission="com.google.android.c2dm.permission.SEND" >
146-->[:firebase_messaging] AndroidManifest.xml:31:13-73
147            <intent-filter>
147-->[:firebase_messaging] AndroidManifest.xml:32:13-34:29
148                <action android:name="com.google.android.c2dm.intent.RECEIVE" />
148-->[:firebase_messaging] AndroidManifest.xml:33:17-81
148-->[:firebase_messaging] AndroidManifest.xml:33:25-78
149            </intent-filter>
150        </receiver>
151
152        <provider
152-->[:firebase_messaging] AndroidManifest.xml:43:9-47:38
153            android:name="io.flutter.plugins.firebase.messaging.FlutterFirebaseMessagingInitProvider"
153-->[:firebase_messaging] AndroidManifest.xml:44:13-102
154            android:authorities="com.example.kora_app.flutterfirebasemessaginginitprovider"
154-->[:firebase_messaging] AndroidManifest.xml:45:13-88
155            android:exported="false"
155-->[:firebase_messaging] AndroidManifest.xml:46:13-37
156            android:initOrder="99" />
156-->[:firebase_messaging] AndroidManifest.xml:47:13-35
157        <provider
157-->[:image_picker_android] AndroidManifest.xml:10:9-18:20
158            android:name="io.flutter.plugins.imagepicker.ImagePickerFileProvider"
158-->[:image_picker_android] AndroidManifest.xml:11:13-82
159            android:authorities="com.example.kora_app.flutter.image_provider"
159-->[:image_picker_android] AndroidManifest.xml:12:13-74
160            android:exported="false"
160-->[:image_picker_android] AndroidManifest.xml:13:13-37
161            android:grantUriPermissions="true" >
161-->[:image_picker_android] AndroidManifest.xml:14:13-47
162            <meta-data
162-->[:image_picker_android] AndroidManifest.xml:15:13-17:75
163                android:name="android.support.FILE_PROVIDER_PATHS"
163-->[:image_picker_android] AndroidManifest.xml:16:17-67
164                android:resource="@xml/flutter_image_picker_file_paths" />
164-->[:image_picker_android] AndroidManifest.xml:17:17-72
165        </provider>
166
167        <receiver
167-->[:awesome_notifications] AndroidManifest.xml:15:9-17:39
168            android:name="me.carda.awesome_notifications.DartNotificationActionReceiver"
168-->[:awesome_notifications] AndroidManifest.xml:16:13-89
169            android:exported="true" />
169-->[:awesome_notifications] AndroidManifest.xml:17:13-36
170        <receiver
170-->[:awesome_notifications] AndroidManifest.xml:18:9-20:39
171            android:name="me.carda.awesome_notifications.DartDismissedNotificationReceiver"
171-->[:awesome_notifications] AndroidManifest.xml:19:13-92
172            android:exported="true" />
172-->[:awesome_notifications] AndroidManifest.xml:20:13-36
173        <receiver
173-->[:awesome_notifications] AndroidManifest.xml:21:9-23:39
174            android:name="me.carda.awesome_notifications.DartScheduledNotificationReceiver"
174-->[:awesome_notifications] AndroidManifest.xml:22:13-92
175            android:exported="true" />
175-->[:awesome_notifications] AndroidManifest.xml:23:13-36
176        <receiver
176-->[:awesome_notifications] AndroidManifest.xml:24:9-38:20
177            android:name="me.carda.awesome_notifications.DartRefreshSchedulesReceiver"
177-->[:awesome_notifications] AndroidManifest.xml:25:13-87
178            android:enabled="true"
178-->[:awesome_notifications] AndroidManifest.xml:26:13-35
179            android:exported="true" >
179-->[:awesome_notifications] AndroidManifest.xml:27:13-36
180            <intent-filter>
180-->[:awesome_notifications] AndroidManifest.xml:28:13-37:29
181                <category android:name="android.intent.category.DEFAULT" />
181-->[:awesome_notifications] AndroidManifest.xml:29:17-76
181-->[:awesome_notifications] AndroidManifest.xml:29:27-73
182
183                <action android:name="android.intent.action.BOOT_COMPLETED" />
183-->[:awesome_notifications] AndroidManifest.xml:31:17-79
183-->[:awesome_notifications] AndroidManifest.xml:31:25-76
184                <action android:name="android.intent.action.LOCKED_BOOT_COMPLETED" />
184-->[:awesome_notifications] AndroidManifest.xml:32:17-86
184-->[:awesome_notifications] AndroidManifest.xml:32:25-83
185                <action android:name="android.intent.action.MY_PACKAGE_REPLACED" />
185-->[:awesome_notifications] AndroidManifest.xml:33:17-84
185-->[:awesome_notifications] AndroidManifest.xml:33:25-81
186                <action android:name="android.intent.action.QUICKBOOT_POWERON" />
186-->[:awesome_notifications] AndroidManifest.xml:34:17-82
186-->[:awesome_notifications] AndroidManifest.xml:34:25-79
187                <action android:name="com.htc.intent.action.QUICKBOOT_POWERON" />
187-->[:awesome_notifications] AndroidManifest.xml:35:17-82
187-->[:awesome_notifications] AndroidManifest.xml:35:25-79
188                <action android:name="android.app.action.SCHEDULE_EXACT_ALARM_PERMISSION_STATE_CHANGED" />
188-->[:awesome_notifications] AndroidManifest.xml:36:17-107
188-->[:awesome_notifications] AndroidManifest.xml:36:25-104
189            </intent-filter>
190        </receiver>
191
192        <service
192-->[:awesome_notifications] AndroidManifest.xml:40:9-43:72
193            android:name="me.carda.awesome_notifications.DartBackgroundService"
193-->[:awesome_notifications] AndroidManifest.xml:41:13-80
194            android:exported="false"
194-->[:awesome_notifications] AndroidManifest.xml:42:13-37
195            android:permission="android.permission.BIND_JOB_SERVICE" />
195-->[:awesome_notifications] AndroidManifest.xml:43:13-69
196        <service
196-->[:awesome_notifications] AndroidManifest.xml:44:9-49:43
197            android:name="me.carda.awesome_notifications.core.services.ForegroundService"
197-->[:awesome_notifications] AndroidManifest.xml:45:13-90
198            android:enabled="true"
198-->[:awesome_notifications] AndroidManifest.xml:46:13-35
199            android:exported="false"
199-->[:awesome_notifications] AndroidManifest.xml:47:13-37
200            android:foregroundServiceType="phoneCall"
200-->[:awesome_notifications] AndroidManifest.xml:48:13-54
201            android:stopWithTask="true" />
201-->[:awesome_notifications] AndroidManifest.xml:49:13-40
202
203        <receiver
203-->[:flutter_local_notifications] AndroidManifest.xml:16:9-18:40
204            android:name="com.dexterous.flutterlocalnotifications.ActionBroadcastReceiver"
204-->[:flutter_local_notifications] AndroidManifest.xml:17:13-91
205            android:exported="false" />
205-->[:flutter_local_notifications] AndroidManifest.xml:18:13-37
206        <receiver
206-->[:flutter_local_notifications] AndroidManifest.xml:19:9-21:40
207            android:name="com.dexterous.flutterlocalnotifications.ScheduledNotificationReceiver"
207-->[:flutter_local_notifications] AndroidManifest.xml:20:13-97
208            android:exported="false" />
208-->[:flutter_local_notifications] AndroidManifest.xml:21:13-37
209        <receiver
209-->[:flutter_local_notifications] AndroidManifest.xml:22:9-31:20
210            android:name="com.dexterous.flutterlocalnotifications.ScheduledNotificationBootReceiver"
210-->[:flutter_local_notifications] AndroidManifest.xml:23:13-101
211            android:exported="false" >
211-->[:flutter_local_notifications] AndroidManifest.xml:24:13-37
212            <intent-filter>
212-->[:flutter_local_notifications] AndroidManifest.xml:25:13-30:29
213                <action android:name="android.intent.action.BOOT_COMPLETED" />
213-->[:awesome_notifications] AndroidManifest.xml:31:17-79
213-->[:awesome_notifications] AndroidManifest.xml:31:25-76
214                <action android:name="android.intent.action.MY_PACKAGE_REPLACED" />
214-->[:awesome_notifications] AndroidManifest.xml:33:17-84
214-->[:awesome_notifications] AndroidManifest.xml:33:25-81
215                <action android:name="android.intent.action.QUICKBOOT_POWERON" />
215-->[:awesome_notifications] AndroidManifest.xml:34:17-82
215-->[:awesome_notifications] AndroidManifest.xml:34:25-79
216                <action android:name="com.htc.intent.action.QUICKBOOT_POWERON" />
216-->[:awesome_notifications] AndroidManifest.xml:35:17-82
216-->[:awesome_notifications] AndroidManifest.xml:35:25-79
217            </intent-filter>
218        </receiver>
219
220        <service
220-->[me.carda:AndroidAwnCore:0.7.6] AndroidManifest.xml:21:9-28:19
221            android:name="me.carda.awesome_notifications.core.managers.StatusBarManager"
221-->[me.carda:AndroidAwnCore:0.7.6] AndroidManifest.xml:22:13-89
222            android:exported="true"
222-->[me.carda:AndroidAwnCore:0.7.6] AndroidManifest.xml:23:13-36
223            android:label="My Notification Listener Service" >
223-->[me.carda:AndroidAwnCore:0.7.6] AndroidManifest.xml:24:13-61
224            <intent-filter>
224-->[me.carda:AndroidAwnCore:0.7.6] AndroidManifest.xml:25:13-27:29
225                <action android:name="android.service.notification.NotificationListenerService" />
225-->[me.carda:AndroidAwnCore:0.7.6] AndroidManifest.xml:26:17-99
225-->[me.carda:AndroidAwnCore:0.7.6] AndroidManifest.xml:26:25-96
226            </intent-filter>
227        </service>
228        <service
228-->[androidx.room:room-runtime:2.5.0] AndroidManifest.xml:24:9-28:63
229            android:name="androidx.room.MultiInstanceInvalidationService"
229-->[androidx.room:room-runtime:2.5.0] AndroidManifest.xml:25:13-74
230            android:directBootAware="true"
230-->[androidx.room:room-runtime:2.5.0] AndroidManifest.xml:26:13-43
231            android:exported="false" />
231-->[androidx.room:room-runtime:2.5.0] AndroidManifest.xml:27:13-37
232
233        <activity
233-->[com.google.firebase:firebase-auth:22.1.2] AndroidManifest.xml:29:9-46:20
234            android:name="com.google.firebase.auth.internal.GenericIdpActivity"
234-->[com.google.firebase:firebase-auth:22.1.2] AndroidManifest.xml:30:13-80
235            android:excludeFromRecents="true"
235-->[com.google.firebase:firebase-auth:22.1.2] AndroidManifest.xml:31:13-46
236            android:exported="true"
236-->[com.google.firebase:firebase-auth:22.1.2] AndroidManifest.xml:32:13-36
237            android:launchMode="singleTask"
237-->[com.google.firebase:firebase-auth:22.1.2] AndroidManifest.xml:33:13-44
238            android:theme="@android:style/Theme.Translucent.NoTitleBar" >
238-->[com.google.firebase:firebase-auth:22.1.2] AndroidManifest.xml:34:13-72
239            <intent-filter>
239-->[com.google.firebase:firebase-auth:22.1.2] AndroidManifest.xml:35:13-45:29
240                <action android:name="android.intent.action.VIEW" />
240-->[com.google.firebase:firebase-auth:22.1.2] AndroidManifest.xml:36:17-69
240-->[com.google.firebase:firebase-auth:22.1.2] AndroidManifest.xml:36:25-66
241
242                <category android:name="android.intent.category.DEFAULT" />
242-->[:awesome_notifications] AndroidManifest.xml:29:17-76
242-->[:awesome_notifications] AndroidManifest.xml:29:27-73
243                <category android:name="android.intent.category.BROWSABLE" />
243-->[com.google.firebase:firebase-auth:22.1.2] AndroidManifest.xml:39:17-78
243-->[com.google.firebase:firebase-auth:22.1.2] AndroidManifest.xml:39:27-75
244
245                <data
245-->[com.google.firebase:firebase-auth:22.1.2] AndroidManifest.xml:41:17-44:51
246                    android:host="firebase.auth"
246-->[com.google.firebase:firebase-auth:22.1.2] AndroidManifest.xml:42:21-49
247                    android:path="/"
247-->[com.google.firebase:firebase-auth:22.1.2] AndroidManifest.xml:43:21-37
248                    android:scheme="genericidp" />
248-->[com.google.firebase:firebase-auth:22.1.2] AndroidManifest.xml:44:21-48
249            </intent-filter>
250        </activity>
251        <activity
251-->[com.google.firebase:firebase-auth:22.1.2] AndroidManifest.xml:47:9-64:20
252            android:name="com.google.firebase.auth.internal.RecaptchaActivity"
252-->[com.google.firebase:firebase-auth:22.1.2] AndroidManifest.xml:48:13-79
253            android:excludeFromRecents="true"
253-->[com.google.firebase:firebase-auth:22.1.2] AndroidManifest.xml:49:13-46
254            android:exported="true"
254-->[com.google.firebase:firebase-auth:22.1.2] AndroidManifest.xml:50:13-36
255            android:launchMode="singleTask"